# JRE version: Java(TM) SE Runtime Environment (8.0_111-b14) (build 1.8.0_111-b14)
# Java VM: Java HotSpot(TM) 64-Bit Server VM (25.111-b14 mixed mode windows-amd64 compressed oops)
Heap:
 PSYoungGen      total 143872K, used 24169K [0x0000000716200000, 0x0000000721600000, 0x00000007c0000000)
  eden space 109568K, 21% used [0x0000000716200000,0x0000000717982610,0x000000071cd00000)
  from space 34304K, 0% used [0x000000071f480000,0x000000071f498000,0x0000000721600000)
  to   space 37376K, 0% used [0x000000071cd00000,0x000000071cd00000,0x000000071f180000)
 ParOldGen       total 348160K, used 43199K [0x00000005c2600000, 0x00000005d7a00000, 0x0000000716200000)
  object space 348160K, 12% used [0x00000005c2600000,0x00000005c502ff58,0x00000005d7a00000)
 Metaspace       used 9077K, capacity 9304K, committed 9600K, reserved 1058816K
  class space    used 990K, capacity 1068K, committed 1152K, reserved 1048576K
GC Heap History (10 events):
Event: 32.376 GC heap before
{Heap before GC invocations=8 (full 0):
 PSYoungGen      total 155648K, used 122560K [0x0000000716200000, 0x0000000722080000, 0x00000007c0000000)
  eden space 122368K, 100% used [0x0000000716200000,0x000000071d980000,0x000000071d980000)
  from space 33280K, 0% used [0x000000071dc00000,0x000000071dc30000,0x000000071fc80000)
  to   space 36352K, 0% used [0x000000071fd00000,0x000000071fd00000,0x0000000722080000)
 ParOldGen       total 348160K, used 43119K [0x00000005c2600000, 0x00000005d7a00000, 0x0000000716200000)
  object space 348160K, 12% used [0x00000005c2600000,0x00000005c501bf58,0x00000005d7a00000)
 Metaspace       used 9075K, capacity 9304K, committed 9600K, reserved 1058816K
  class space    used 990K, capacity 1068K, committed 1152K, reserved 1048576K
Event: 32.378 GC heap after
Heap after GC invocations=8 (full 0):
 PSYoungGen      total 156160K, used 128K [0x0000000716200000, 0x0000000722100000, 0x00000007c0000000)
  eden space 119808K, 0% used [0x0000000716200000,0x0000000716200000,0x000000071d700000)
  from space 36352K, 0% used [0x000000071fd00000,0x000000071fd20000,0x0000000722080000)
  to   space 37888K, 0% used [0x000000071d700000,0x000000071d700000,0x000000071fc00000)
 ParOldGen       total 348160K, used 43151K [0x00000005c2600000, 0x00000005d7a00000, 0x0000000716200000)
  object space 348160K, 12% used [0x00000005c2600000,0x00000005c5023f58,0x00000005d7a00000)
 Metaspace       used 9075K, capacity 9304K, committed 9600K, reserved 1058816K
  class space    used 990K, capacity 1068K, committed 1152K, reserved 1048576K
}
Event: 36.183 GC heap before
{Heap before GC invocations=9 (full 0):
 PSYoungGen      total 156160K, used 119936K [0x0000000716200000, 0x0000000722100000, 0x00000007c0000000)
  eden space 119808K, 100% used [0x0000000716200000,0x000000071d700000,0x000000071d700000)
  from space 36352K, 0% used [0x000000071fd00000,0x000000071fd20000,0x0000000722080000)
  to   space 37888K, 0% used [0x000000071d700000,0x000000071d700000,0x000000071fc00000)
 ParOldGen       total 348160K, used 43151K [0x00000005c2600000, 0x00000005d7a00000, 0x0000000716200000)
  object space 348160K, 12% used [0x00000005c2600000,0x00000005c5023f58,0x00000005d7a00000)
 Metaspace       used 9075K, capacity 9304K, committed 9600K, reserved 1058816K
  class space    used 990K, capacity 1068K, committed 1152K, reserved 1048576K
Event: 36.184 GC heap after
Heap after GC invocations=9 (full 0):
 PSYoungGen      total 117760K, used 96K [0x0000000716200000, 0x0000000721f80000, 0x00000007c0000000)
  eden space 117248K, 0% used [0x0000000716200000,0x0000000716200000,0x000000071d480000)
  from space 512K, 18% used [0x000000071d700000,0x000000071d718000,0x000000071d780000)
  to   space 38400K, 0% used [0x000000071fa00000,0x000000071fa00000,0x0000000721f80000)
 ParOldGen       total 348160K, used 43175K [0x00000005c2600000, 0x00000005d7a00000, 0x0000000716200000)
  object space 348160K, 12% used [0x00000005c2600000,0x00000005c5029f58,0x00000005d7a00000)
 Metaspace       used 9075K, capacity 9304K, committed 9600K, reserved 1058816K
  class space    used 990K, capacity 1068K, committed 1152K, reserved 1048576K
}
Event: 39.908 GC heap before
{Heap before GC invocations=10 (full 0):
 PSYoungGen      total 117760K, used 117344K [0x0000000716200000, 0x0000000721f80000, 0x00000007c0000000)
  eden space 117248K, 100% used [0x0000000716200000,0x000000071d480000,0x000000071d480000)
  from space 512K, 18% used [0x000000071d700000,0x000000071d718000,0x000000071d780000)
  to   space 38400K, 0% used [0x000000071fa00000,0x000000071fa00000,0x0000000721f80000)
 ParOldGen       total 348160K, used 43175K [0x00000005c2600000, 0x00000005d7a00000, 0x0000000716200000)
  object space 348160K, 12% used [0x00000005c2600000,0x00000005c5029f58,0x00000005d7a00000)
 Metaspace       used 9075K, capacity 9304K, committed 9600K, reserved 1058816K
  class space    used 990K, capacity 1068K, committed 1152K, reserved 1048576K
Event: 39.909 GC heap after
Heap after GC invocations=10 (full 0):
 PSYoungGen      total 150528K, used 96K [0x0000000716200000, 0x0000000721d00000, 0x00000007c0000000)
  eden space 114688K, 0% used [0x0000000716200000,0x0000000716200000,0x000000071d200000)
  from space 35840K, 0% used [0x000000071fa00000,0x000000071fa18000,0x0000000721d00000)
  to   space 38400K, 0% used [0x000000071d200000,0x000000071d200000,0x000000071f780000)
 ParOldGen       total 348160K, used 43191K [0x00000005c2600000, 0x00000005d7a00000, 0x0000000716200000)
  object space 348160K, 12% used [0x00000005c2600000,0x00000005c502df58,0x00000005d7a00000)
 Metaspace       used 9075K, capacity 9304K, committed 9600K, reserved 1058816K
  class space    used 990K, capacity 1068K, committed 1152K, reserved 1048576K
}
Event: 43.554 GC heap before
{Heap before GC invocations=11 (full 0):
 PSYoungGen      total 150528K, used 114784K [0x0000000716200000, 0x0000000721d00000, 0x00000007c0000000)
  eden space 114688K, 100% used [0x0000000716200000,0x000000071d200000,0x000000071d200000)
  from space 35840K, 0% used [0x000000071fa00000,0x000000071fa18000,0x0000000721d00000)
  to   space 38400K, 0% used [0x000000071d200000,0x000000071d200000,0x000000071f780000)
 ParOldGen       total 348160K, used 43191K [0x00000005c2600000, 0x00000005d7a00000, 0x0000000716200000)
  object space 348160K, 12% used [0x00000005c2600000,0x00000005c502df58,0x00000005d7a00000)
 Metaspace       used 9076K, capacity 9304K, committed 9600K, reserved 1058816K
  class space    used 990K, capacity 1068K, committed 1152K, reserved 1048576K
Event: 43.555 GC heap after
Heap after GC invocations=11 (full 0):
 PSYoungGen      total 112640K, used 96K [0x0000000716200000, 0x0000000721980000, 0x00000007c0000000)
  eden space 112128K, 0% used [0x0000000716200000,0x0000000716200000,0x000000071cf80000)
  from space 512K, 18% used [0x000000071d200000,0x000000071d218000,0x000000071d280000)
  to   space 37888K, 0% used [0x000000071f480000,0x000000071f480000,0x0000000721980000)
 ParOldGen       total 348160K, used 43199K [0x00000005c2600000, 0x00000005d7a00000, 0x0000000716200000)
  object space 348160K, 12% used [0x00000005c2600000,0x00000005c502ff58,0x00000005d7a00000)
 Metaspace       used 9076K, capacity 9304K, committed 9600K, reserved 1058816K
  class space    used 990K, capacity 1068K, committed 1152K, reserved 1048576K
}
Event: 47.120 GC heap before
{Heap before GC invocations=12 (full 0):
 PSYoungGen      total 112640K, used 112224K [0x0000000716200000, 0x0000000721980000, 0x00000007c0000000)
  eden space 112128K, 100% used [0x0000000716200000,0x000000071cf80000,0x000000071cf80000)
  from space 512K, 18% used [0x000000071d200000,0x000000071d218000,0x000000071d280000)
  to   space 37888K, 0% used [0x000000071f480000,0x000000071f480000,0x0000000721980000)
 ParOldGen       total 348160K, used 43199K [0x00000005c2600000, 0x00000005d7a00000, 0x0000000716200000)
  object space 348160K, 12% used [0x00000005c2600000,0x00000005c502ff58,0x00000005d7a00000)
 Metaspace       used 9077K, capacity 9304K, committed 9600K, reserved 1058816K
  class space    used 990K, capacity 1068K, committed 1152K, reserved 1048576K
Event: 47.121 GC heap after
Heap after GC invocations=12 (full 0):
 PSYoungGen      total 143872K, used 96K [0x0000000716200000, 0x0000000721600000, 0x00000007c0000000)
  eden space 109568K, 0% used [0x0000000716200000,0x0000000716200000,0x000000071cd00000)
  from space 34304K, 0% used [0x000000071f480000,0x000000071f498000,0x0000000721600000)
  to   space 37376K, 0% used [0x000000071cd00000,0x000000071cd00000,0x000000071f180000)
 ParOldGen       total 348160K, used 43199K [0x00000005c2600000, 0x00000005d7a00000, 0x0000000716200000)
  object space 348160K, 12% used [0x00000005c2600000,0x00000005c502ff58,0x00000005d7a00000)
 Metaspace       used 9077K, capacity 9304K, committed 9600K, reserved 1058816K
  class space    used 990K, capacity 1068K, committed 1152K, reserved 1048576K
}

