# JRE version: Java(TM) SE Runtime Environment (8.0_111-b14) (build 1.8.0_111-b14)
# Java VM: Java HotSpot(TM) 64-Bit Server VM (25.111-b14 mixed mode windows-amd64 compressed oops)
Heap:
 PSYoungGen      total 152576K, used 84610K [0x0000000716200000, 0x0000000720c00000, 0x00000007c0000000)
  eden space 131072K, 51% used [0x0000000716200000,0x000000071a421818,0x000000071e200000)
  from space 21504K, 78% used [0x000000071f700000,0x000000072077f050,0x0000000720c00000)
  to   space 21504K, 0% used [0x000000071e200000,0x000000071e200000,0x000000071f700000)
 ParOldGen       total 348160K, used 33298K [0x00000005c2600000, 0x00000005d7a00000, 0x0000000716200000)
  object space 348160K, 9% used [0x00000005c2600000,0x00000005c4684830,0x00000005d7a00000)
 Metaspace       used 9155K, capacity 9444K, committed 9600K, reserved 1058816K
  class space    used 994K, capacity 1070K, committed 1152K, reserved 1048576K
GC Heap History (4 events):
Event: 4.339 GC heap before
{Heap before GC invocations=1 (full 0):
 PSYoungGen      total 152576K, used 131072K [0x0000000716200000, 0x0000000720c00000, 0x00000007c0000000)
  eden space 131072K, 100% used [0x0000000716200000,0x000000071e200000,0x000000071e200000)
  from space 21504K, 0% used [0x000000071f700000,0x000000071f700000,0x0000000720c00000)
  to   space 21504K, 0% used [0x000000071e200000,0x000000071e200000,0x000000071f700000)
 ParOldGen       total 348160K, used 0K [0x00000005c2600000, 0x00000005d7a00000, 0x0000000716200000)
  object space 348160K, 0% used [0x00000005c2600000,0x00000005c2600000,0x00000005d7a00000)
 Metaspace       used 8997K, capacity 9252K, committed 9344K, reserved 1056768K
  class space    used 991K, capacity 1070K, committed 1152K, reserved 1048576K
Event: 4.348 GC heap after
Heap after GC invocations=1 (full 0):
 PSYoungGen      total 152576K, used 21499K [0x0000000716200000, 0x0000000720c00000, 0x00000007c0000000)
  eden space 131072K, 0% used [0x0000000716200000,0x0000000716200000,0x000000071e200000)
  from space 21504K, 99% used [0x000000071e200000,0x000000071f6fee50,0x000000071f700000)
  to   space 21504K, 0% used [0x000000071f700000,0x000000071f700000,0x0000000720c00000)
 ParOldGen       total 348160K, used 14539K [0x00000005c2600000, 0x00000005d7a00000, 0x0000000716200000)
  object space 348160K, 4% used [0x00000005c2600000,0x00000005c3432ff0,0x00000005d7a00000)
 Metaspace       used 8997K, capacity 9252K, committed 9344K, reserved 1056768K
  class space    used 991K, capacity 1070K, committed 1152K, reserved 1048576K
}
Event: 8.224 GC heap before
{Heap before GC invocations=2 (full 0):
 PSYoungGen      total 152576K, used 152571K [0x0000000716200000, 0x0000000720c00000, 0x00000007c0000000)
  eden space 131072K, 100% used [0x0000000716200000,0x000000071e200000,0x000000071e200000)
  from space 21504K, 99% used [0x000000071e200000,0x000000071f6fee50,0x000000071f700000)
  to   space 21504K, 0% used [0x000000071f700000,0x000000071f700000,0x0000000720c00000)
 ParOldGen       total 348160K, used 14539K [0x00000005c2600000, 0x00000005d7a00000, 0x0000000716200000)
  object space 348160K, 4% used [0x00000005c2600000,0x00000005c3432ff0,0x00000005d7a00000)
 Metaspace       used 9108K, capacity 9380K, committed 9600K, reserved 1058816K
  class space    used 992K, capacity 1070K, committed 1152K, reserved 1048576K
Event: 8.231 GC heap after
Heap after GC invocations=2 (full 0):
 PSYoungGen      total 152576K, used 16892K [0x0000000716200000, 0x0000000720c00000, 0x00000007c0000000)
  eden space 131072K, 0% used [0x0000000716200000,0x0000000716200000,0x000000071e200000)
  from space 21504K, 78% used [0x000000071f700000,0x000000072077f050,0x0000000720c00000)
  to   space 21504K, 0% used [0x000000071e200000,0x000000071e200000,0x000000071f700000)
 ParOldGen       total 348160K, used 33298K [0x00000005c2600000, 0x00000005d7a00000, 0x0000000716200000)
  object space 348160K, 9% used [0x00000005c2600000,0x00000005c4684830,0x00000005d7a00000)
 Metaspace       used 9108K, capacity 9380K, committed 9600K, reserved 1058816K
  class space    used 992K, capacity 1070K, committed 1152K, reserved 1048576K
}

