# JRE version: Java(TM) SE Runtime Environment (8.0_111-b14) (build 1.8.0_111-b14)
# Java VM: Java HotSpot(TM) 64-Bit Server VM (25.111-b14 mixed mode windows-amd64 compressed oops)
Heap:
 PSYoungGen      total 152576K, used 75832K [0x0000000716200000, 0x0000000720c00000, 0x00000007c0000000)
  eden space 131072K, 41% used [0x0000000716200000,0x000000071970f2f8,0x000000071e200000)
  from space 21504K, 99% used [0x000000071f700000,0x0000000720bfee70,0x0000000720c00000)
  to   space 21504K, 0% used [0x000000071e200000,0x000000071e200000,0x000000071f700000)
 ParOldGen       total 348160K, used 24009K [0x00000005c2600000, 0x00000005d7a00000, 0x0000000716200000)
  object space 348160K, 6% used [0x00000005c2600000,0x00000005c3d72478,0x00000005d7a00000)
 Metaspace       used 9150K, capacity 9444K, committed 9600K, reserved 1058816K
  class space    used 992K, capacity 1070K, committed 1152K, reserved 1048576K
GC Heap History (4 events):
Event: 4.245 GC heap before
{Heap before GC invocations=1 (full 0):
 PSYoungGen      total 152576K, used 131072K [0x0000000716200000, 0x0000000720c00000, 0x00000007c0000000)
  eden space 131072K, 100% used [0x0000000716200000,0x000000071e200000,0x000000071e200000)
  from space 21504K, 0% used [0x000000071f700000,0x000000071f700000,0x0000000720c00000)
  to   space 21504K, 0% used [0x000000071e200000,0x000000071e200000,0x000000071f700000)
 ParOldGen       total 348160K, used 0K [0x00000005c2600000, 0x00000005d7a00000, 0x0000000716200000)
  object space 348160K, 0% used [0x00000005c2600000,0x00000005c2600000,0x00000005d7a00000)
 Metaspace       used 9037K, capacity 9316K, committed 9600K, reserved 1058816K
  class space    used 991K, capacity 1070K, committed 1152K, reserved 1048576K
Event: 4.254 GC heap after
Heap after GC invocations=1 (full 0):
 PSYoungGen      total 152576K, used 21483K [0x0000000716200000, 0x0000000720c00000, 0x00000007c0000000)
  eden space 131072K, 0% used [0x0000000716200000,0x0000000716200000,0x000000071e200000)
  from space 21504K, 99% used [0x000000071e200000,0x000000071f6fae60,0x000000071f700000)
  to   space 21504K, 0% used [0x000000071f700000,0x000000071f700000,0x0000000720c00000)
 ParOldGen       total 348160K, used 9816K [0x00000005c2600000, 0x00000005d7a00000, 0x0000000716200000)
  object space 348160K, 2% used [0x00000005c2600000,0x00000005c2f96330,0x00000005d7a00000)
 Metaspace       used 9037K, capacity 9316K, committed 9600K, reserved 1058816K
  class space    used 991K, capacity 1070K, committed 1152K, reserved 1048576K
}
Event: 8.110 GC heap before
{Heap before GC invocations=2 (full 0):
 PSYoungGen      total 152576K, used 152555K [0x0000000716200000, 0x0000000720c00000, 0x00000007c0000000)
  eden space 131072K, 100% used [0x0000000716200000,0x000000071e200000,0x000000071e200000)
  from space 21504K, 99% used [0x000000071e200000,0x000000071f6fae60,0x000000071f700000)
  to   space 21504K, 0% used [0x000000071f700000,0x000000071f700000,0x0000000720c00000)
 ParOldGen       total 348160K, used 9816K [0x00000005c2600000, 0x00000005d7a00000, 0x0000000716200000)
  object space 348160K, 2% used [0x00000005c2600000,0x00000005c2f96330,0x00000005d7a00000)
 Metaspace       used 9148K, capacity 9380K, committed 9600K, reserved 1058816K
  class space    used 992K, capacity 1070K, committed 1152K, reserved 1048576K
Event: 8.117 GC heap after
Heap after GC invocations=2 (full 0):
 PSYoungGen      total 152576K, used 21499K [0x0000000716200000, 0x0000000720c00000, 0x00000007c0000000)
  eden space 131072K, 0% used [0x0000000716200000,0x0000000716200000,0x000000071e200000)
  from space 21504K, 99% used [0x000000071f700000,0x0000000720bfee70,0x0000000720c00000)
  to   space 21504K, 0% used [0x000000071e200000,0x000000071e200000,0x000000071f700000)
 ParOldGen       total 348160K, used 24009K [0x00000005c2600000, 0x00000005d7a00000, 0x0000000716200000)
  object space 348160K, 6% used [0x00000005c2600000,0x00000005c3d72478,0x00000005d7a00000)
 Metaspace       used 9148K, capacity 9380K, committed 9600K, reserved 1058816K
  class space    used 992K, capacity 1070K, committed 1152K, reserved 1048576K
}

